Jul-03 13:11:07.525 [main] DEBUG nextflow.cli.Launcher - $> nextflow run main.nf -profile singularity --nanopore-reads ../transcriptomes/control-dRNA-Nanopore_mapping/filtered_Maximus5_sup_all.fastq.gz
Jul-03 13:11:07.719 [main] INFO  nextflow.cli.CmdRun - N E X T F L O W  ~  version 23.10.0
Jul-03 13:11:07.762 [main] DEBUG nextflow.plugin.PluginsFacade - Setting up plugin manager > mode=prod; embedded=false; plugins-dir=/software/projects/fl3/jdavis/.nextflow/plugins; core-plugins: nf-amazon@2.1.4,nf-azure@1.3.2,nf-cloudcache@0.3.0,nf-codecommit@0.1.5,nf-console@1.0.6,nf-ga4gh@1.1.0,nf-google@1.8.3,nf-tower@1.6.3,nf-wave@1.0.0
Jul-03 13:11:07.780 [main] INFO  o.pf4j.DefaultPluginStatusProvider - Enabled plugins: []
Jul-03 13:11:07.782 [main] INFO  o.pf4j.DefaultPluginStatusProvider - Disabled plugins: []
Jul-03 13:11:07.787 [main] INFO  org.pf4j.DefaultPluginManager - PF4J version 3.4.1 in 'deployment' mode
Jul-03 13:11:07.814 [main] INFO  org.pf4j.AbstractPluginManager - No plugins
Jul-03 13:11:07.843 [main] DEBUG nextflow.config.ConfigBuilder - Found config local: /scratch/fl3/jdavis/pipeline/nextflow.config
Jul-03 13:11:07.847 [main] DEBUG nextflow.config.ConfigBuilder - Parsing config file: /scratch/fl3/jdavis/pipeline/nextflow.config
Jul-03 13:11:07.889 [main] DEBUG nextflow.config.ConfigBuilder - Applying config profile: `singularity`
Jul-03 13:11:09.631 [main] DEBUG nextflow.config.ConfigBuilder - Available config profiles: [singularity, pawsey_setonix, local]
Jul-03 13:11:09.687 [main] DEBUG nextflow.cli.CmdRun - Applied DSL=2 from script declararion
Jul-03 13:11:09.721 [main] INFO  nextflow.cli.CmdRun - Launching `main.nf` [gloomy_elion] DSL2 - revision: c5bb287608
Jul-03 13:11:09.723 [main] DEBUG nextflow.plugin.PluginsFacade - Plugins declared=[nf-validation]
Jul-03 13:11:09.724 [main] DEBUG nextflow.plugin.PluginsFacade - Plugins default=[]
Jul-03 13:11:09.724 [main] DEBUG nextflow.plugin.PluginsFacade - Plugins resolved requirement=[nf-validation]
Jul-03 13:11:09.725 [main] DEBUG nextflow.plugin.PluginUpdater - Installing plugin nf-validation version: latest
Jul-03 13:11:10.446 [main] INFO  org.pf4j.AbstractPluginManager - Plugin 'nf-validation@1.1.3' resolved
Jul-03 13:11:10.446 [main] INFO  org.pf4j.AbstractPluginManager - Start plugin 'nf-validation@1.1.3'
Jul-03 13:11:10.472 [main] DEBUG nextflow.plugin.BasePlugin - Plugin started nf-validation@1.1.3
Jul-03 13:11:10.495 [main] DEBUG n.secret.LocalSecretsProvider - Secrets store: /software/projects/fl3/jdavis/.nextflow/secrets/store.json
Jul-03 13:11:10.499 [main] DEBUG nextflow.secret.SecretsLoader - Discovered secrets providers: [nextflow.secret.LocalSecretsProvider@498a612d] - activable => nextflow.secret.LocalSecretsProvider@498a612d
Jul-03 13:11:10.594 [main] DEBUG nextflow.Session - Session UUID: 3355c44e-79ad-4374-aa4c-f0dbbb3bd4ed
Jul-03 13:11:10.595 [main] DEBUG nextflow.Session - Run name: gloomy_elion
Jul-03 13:11:10.596 [main] DEBUG nextflow.Session - Executor pool size: 2
Jul-03 13:11:10.609 [main] DEBUG nextflow.file.FilePorter - File porter settings maxRetries=3; maxTransfers=50; pollTimeout=null
Jul-03 13:11:10.620 [main] DEBUG nextflow.util.ThreadPoolBuilder - Creating thread pool 'FileTransfer' minSize=10; maxSize=10; workQueue=LinkedBlockingQueue[10000]; allowCoreThreadTimeout=false
Jul-03 13:11:10.733 [main] DEBUG nextflow.cli.CmdRun - 
  Version: 23.10.0 build 5889
  Created: 15-10-2023 15:07 UTC (23:07 AWDT)
  System: Linux 5.14.21-150400.24.46_12.0.73-cray_shasta_c
  Runtime: Groovy 3.0.19 on OpenJDK 64-Bit Server VM 17.0.8.1+1
  Encoding: UTF-8 (UTF-8)
  Process: 89740@nid002025 [10.253.133.3]
  CPUs: 2 - Mem: 1.8 GB (1.5 GB) - Swap: 0 (0)
Jul-03 13:11:10.798 [main] DEBUG nextflow.Session - Work-dir: /scratch/fl3/jdavis/pipeline/work [lustre]
Jul-03 13:11:10.799 [main] DEBUG nextflow.Session - Script base path does not exist or is not a directory: /scratch/fl3/jdavis/pipeline/bin
Jul-03 13:11:10.816 [main] DEBUG nextflow.executor.ExecutorFactory - Extension executors providers=[]
Jul-03 13:11:10.833 [main] DEBUG nextflow.Session - Observer factory: DefaultObserverFactory
Jul-03 13:11:10.881 [main] DEBUG nextflow.cache.CacheFactory - Using Nextflow cache factory: nextflow.cache.DefaultCacheFactory
Jul-03 13:11:10.893 [main] DEBUG nextflow.util.CustomThreadPool - Creating default thread pool > poolSize: 3; maxThreads: 1000
Jul-03 13:11:11.015 [main] DEBUG nextflow.Session - Session start
Jul-03 13:11:11.271 [main] DEBUG nextflow.script.ScriptRunner - > Launching execution
Jul-03 13:11:11.298 [main] INFO  nextflow.script.BaseScript - Please provide the correct input options
Jul-03 13:11:11.303 [main] DEBUG nextflow.Session - Workflow process names [dsl2]: 
Jul-03 13:11:11.304 [main] WARN  nextflow.Session - There's no process matching config selector: FASTQC
Jul-03 13:11:11.304 [main] DEBUG nextflow.Session - Igniting dataflow network (0)
Jul-03 13:11:11.305 [main] DEBUG nextflow.script.ScriptRunner - Parsed script files:
  Script_875f85ae3b6f6207: /scratch/fl3/jdavis/pipeline/main.nf
Jul-03 13:11:11.305 [main] DEBUG nextflow.script.ScriptRunner - > Awaiting termination 
Jul-03 13:11:11.305 [main] DEBUG nextflow.Session - Session await
Jul-03 13:11:11.305 [main] DEBUG nextflow.Session - Session await > all processes finished
Jul-03 13:11:11.305 [main] DEBUG nextflow.Session - Session await > all barriers passed
Jul-03 13:11:11.314 [main] DEBUG n.trace.WorkflowStatsObserver - Workflow completed > WorkflowStats[succeededCount=0; failedCount=0; ignoredCount=0; cachedCount=0; pendingCount=0; submittedCount=0; runningCount=0; retriesCount=0; abortedCount=0; succeedDuration=0ms; failedDuration=0ms; cachedDuration=0ms;loadCpus=0; loadMemory=0; peakRunning=0; peakCpus=0; peakMemory=0; ]
Jul-03 13:11:11.488 [main] DEBUG nextflow.cache.CacheDB - Closing CacheDB done
Jul-03 13:11:11.488 [main] INFO  org.pf4j.AbstractPluginManager - Stop plugin 'nf-validation@1.1.3'
Jul-03 13:11:11.488 [main] DEBUG nextflow.plugin.BasePlugin - Plugin stopped nf-validation
Jul-03 13:11:11.514 [main] DEBUG nextflow.util.ThreadPoolManager - Thread pool 'FileTransfer' shutdown completed (hard=false)
Jul-03 13:11:11.515 [main] DEBUG nextflow.script.ScriptRunner - > Execution complete -- Goodbye
